[Info]: Enabling raw mode (Zap! Pow! Bang! and there goes the keyboard)
[Info]: Initializing editor domain with window size: (303, 15)
[Info]: Starting barn editor...
[Info]: Resetting screen, type: None
[Info]: Clearing screen, type: All
[Info]: Moving cursor, events: [MoveTo(0, 0)]
[Info]: Moving cursor, events: [MoveTo(0, 0), Show]
[Info]: Flushing buffer
[Info]: Resetting screen, type: None
[Info]: Clearing screen, type: All
[Info]: Moving cursor, events: [MoveTo(0, 0)]
[Info]: Moving cursor, events: [MoveTo(0, 0), Show]
[Info]: Flushing buffer
[Info]: Resetting screen, type: None
[Info]: Clearing screen, type: All
[Info]: Moving cursor, events: [MoveTo(0, 0)]
[Info]: Moving cursor, events: [MoveTo(0, 0), Show]
[Info]: Flushing buffer
[Info]: Resetting screen, type: None
[Info]: Clearing screen, type: All
[Info]: Moving cursor, events: [MoveTo(0, 0)]
[Info]: Moving cursor, events: [MoveTo(0, 1), Show]
[Info]: Flushing buffer
[Info]: Resetting screen, type: None
[Info]: Clearing screen, type: All
[Info]: Moving cursor, events: [MoveTo(0, 0)]
[Info]: Moving cursor, events: [MoveTo(0, 2), Show]
[Info]: Flushing buffer
[Info]: Resetting screen, type: None
[Info]: Clearing screen, type: All
[Info]: Moving cursor, events: [MoveTo(0, 0)]
[Info]: Moving cursor, events: [MoveTo(0, 3), Show]
[Info]: Flushing buffer
[Info]: Resetting screen, type: None
[Info]: Clearing screen, type: All
[Info]: Moving cursor, events: [MoveTo(0, 0)]
[Info]: Moving cursor, events: [MoveTo(0, 4), Show]
[Info]: Flushing buffer
[Info]: Resetting screen, type: None
[Info]: Clearing screen, type: All
[Info]: Moving cursor, events: [MoveTo(0, 0)]
[Info]: Moving cursor, events: [MoveTo(0, 1), Show]
[Info]: Flushing buffer
[Info]: Resetting screen, type: None
[Info]: Clearing screen, type: All
[Info]: Moving cursor, events: [MoveTo(0, 0)]
[Info]: Moving cursor, events: [MoveTo(0, 1), Show]
[Info]: Flushing buffer
[Info]: Resetting screen, type: None
[Info]: Clearing screen, type: All
[Info]: Moving cursor, events: [MoveTo(0, 0)]
[Info]: Moving cursor, events: [MoveTo(0, 14), Show]
[Info]: Flushing buffer
[Info]: Resetting screen, type: None
[Info]: Clearing screen, type: All
[Info]: Moving cursor, events: [MoveTo(0, 0)]
[Info]: Moving cursor, events: [MoveTo(0, 1), Show]
[Info]: Flushing buffer
[Info]: Resetting screen, type: None
[Info]: Clearing screen, type: All
[Info]: Moving cursor, events: [MoveTo(0, 0)]
[Info]: Moving cursor, events: [MoveTo(0, 14), Show]
[Info]: Flushing buffer
[Info]: Resetting screen, type: None
[Info]: Clearing screen, type: All
[Info]: Moving cursor, events: [MoveTo(0, 0)]
[Info]: Moving cursor, events: [MoveTo(0, 1), Show]
[Info]: Flushing buffer
[Info]: Resetting screen, type: None
[Info]: Clearing screen, type: All
[Info]: Moving cursor, events: [MoveTo(0, 0)]
[Info]: Moving cursor, events: [MoveTo(0, 1), Show]
[Info]: Flushing buffer
[Info]: Resetting screen, type: None
[Info]: Clearing screen, type: All
[Info]: Moving cursor, events: [MoveTo(0, 0)]
[Info]: Moving cursor, events: [MoveTo(0, 1), Show]
[Info]: Flushing buffer
[Info]: Resetting screen, type: None
[Info]: Clearing screen, type: All
[Info]: Moving cursor, events: [MoveTo(0, 0)]
[Info]: Moving cursor, events: [MoveTo(0, 1), Show]
[Info]: Flushing buffer
[Info]: Resetting screen, type: None
[Info]: Clearing screen, type: All
[Info]: Moving cursor, events: [MoveTo(0, 0)]
[Info]: Moving cursor, events: [MoveTo(0, 1), Show]
[Info]: Flushing buffer
[Info]: Resetting screen, type: None
[Info]: Clearing screen, type: All
[Info]: Moving cursor, events: [MoveTo(0, 0)]
[Info]: Moving cursor, events: [MoveTo(1, 1), Show]
[Info]: Flushing buffer
[Info]: Resetting screen, type: None
[Info]: Clearing screen, type: All
[Info]: Moving cursor, events: [MoveTo(0, 0)]
[Info]: Moving cursor, events: [MoveTo(2, 1), Show]
[Info]: Flushing buffer
[Info]: Resetting screen, type: None
[Info]: Clearing screen, type: All
[Info]: Moving cursor, events: [MoveTo(0, 0)]
[Info]: Moving cursor, events: [MoveTo(2, 1), Show]
[Info]: Flushing buffer
[Info]: Resetting screen, type: None
[Info]: Clearing screen, type: All
[Info]: Moving cursor, events: [MoveTo(0, 0)]
[Info]: Moving cursor, events: [MoveTo(2, 1), Show]
[Info]: Flushing buffer
[Info]: Resetting screen, type: None
[Info]: Clearing screen, type: All
[Info]: Moving cursor, events: [MoveTo(0, 0)]
[Info]: Moving cursor, events: [MoveTo(2, 1), Show]
[Info]: Flushing buffer
[Info]: Resetting screen, type: None
[Info]: Clearing screen, type: All
[Info]: Moving cursor, events: [MoveTo(0, 0)]
[Info]: Moving cursor, events: [MoveTo(1, 1), Show]
[Info]: Flushing buffer
[Info]: Resetting screen, type: None
[Info]: Clearing screen, type: All
[Info]: Moving cursor, events: [MoveTo(0, 0)]
[Info]: Moving cursor, events: [MoveTo(0, 1), Show]
[Info]: Flushing buffer
[Info]: Resetting screen, type: None
[Info]: Clearing screen, type: All
[Info]: Moving cursor, events: [MoveTo(0, 0)]
[Info]: Moving cursor, events: [MoveTo(0, 1), Show]
[Info]: Flushing buffer
[Info]: Resetting screen, type: None
[Info]: Clearing screen, type: All
[Info]: Moving cursor, events: [MoveTo(0, 0)]
[Info]: Moving cursor, events: [MoveTo(1, 1), Show]
[Info]: Flushing buffer
[Info]: Resetting screen, type: None
[Info]: Clearing screen, type: All
[Info]: Moving cursor, events: [MoveTo(0, 0)]
[Info]: Moving cursor, events: [MoveTo(2, 1), Show]
[Info]: Flushing buffer
[Info]: Resetting screen, type: None
[Info]: Clearing screen, type: All
[Info]: Moving cursor, events: [MoveTo(0, 0)]
[Info]: Moving cursor, events: [MoveTo(2, 1), Show]
[Info]: Flushing buffer
[Info]: Resetting screen, type: None
[Info]: Clearing screen, type: All
[Info]: Moving cursor, events: [MoveTo(0, 0)]
[Info]: Moving cursor, events: [MoveTo(2, 1), Show]
[Info]: Flushing buffer
[Info]: Resetting screen, type: None
[Info]: Clearing screen, type: All
[Info]: Moving cursor, events: [MoveTo(0, 0)]
[Info]: Moving cursor, events: [MoveTo(2, 1), Show]
[Info]: Flushing buffer
[Info]: Resetting screen, type: None
[Info]: Clearing screen, type: All
[Info]: Moving cursor, events: [MoveTo(0, 0)]
[Info]: Moving cursor, events: [MoveTo(2, 1), Show]
[Info]: Flushing buffer
[Info]: Resetting screen, type: None
[Info]: Clearing screen, type: All
[Info]: Moving cursor, events: [MoveTo(0, 0)]
[Info]: Moving cursor, events: [MoveTo(2, 1), Show]
[Info]: Flushing buffer
[Info]: Cleaning up application state
